<?xml version="1.0" encoding="UTF-8"?>
<testsuite xmlns:xsi="http://www.w3.org/2001/XMLSchema-instance" xsi:noNamespaceSchemaLocation="https://maven.apache.org/surefire/maven-surefire-plugin/xsd/surefire-test-report.xsd" name="it.unisa.adc.p2p.AppTest" time="221.169" tests="15" errors="0" skipped="0" failures="0">
  <properties>
[...]
</properties>
  <testcase name="testCasePopulateAnswersList" classname="it.unisa.adc.p2p.AppTest" time="0.031"/>
  <testcase name="testCaseValidateInt" classname="it.unisa.adc.p2p.AppTest" time="0.384"/>
  <testcase name="testCaseAddAnAnswers" classname="it.unisa.adc.p2p.AppTest" time="0.001"/>
  <testcase name="testCaseCheckExistence" classname="it.unisa.adc.p2p.AppTest" time="0"/>
  <testcase name="testCaseGetUserProfileQuestions" classname="it.unisa.adc.p2p.AppTest" time="0.001"/>
  <testcase name="testCreateAuserProfileKey" classname="it.unisa.adc.p2p.AppTest" time="0.028"/>
  <testcase name="testCaseUpdateData" classname="it.unisa.adc.p2p.AppTest" time="0.093"/>
  <testcase name="testCaseGetUserProfileQuestionsSingleQuestion" classname="it.unisa.adc.p2p.AppTest" time="0.003"/>
  <testcase name="testCaseGetFriendsEmpty" classname="it.unisa.adc.p2p.AppTest" time="0.095"/>
  <testcase name="testCaseJoin" classname="it.unisa.adc.p2p.AppTest" time="0.01"/>
  <testcase name="testCaseCreatePeerAddressList" classname="it.unisa.adc.p2p.AppTest" time="0.004"/>
  <testcase name="testCaseWeAreFriends" classname="it.unisa.adc.p2p.AppTest" time="0"/>
  <testcase name="testCaseSendNotification" classname="it.unisa.adc.p2p.AppTest" time="0.017"/>
  <testcase name="testCaseLeaveNetwork" classname="it.unisa.adc.p2p.AppTest" time="0.047"/>
  <testcase name="testCaseCreateKey" classname="it.unisa.adc.p2p.AppTest" time="0"/>
</testsuite>